0 verbose cli /usr/bin/node /usr/bin/npm
1 info using npm@9.2.0
2 info using node@v18.19.1
3 timing npm:load:whichnode Completed in 0ms
4 timing config:load:defaults Completed in 1ms
5 timing config:load:file:/usr/share/nodejs/npm/npmrc Completed in 3ms
6 timing config:load:builtin Completed in 3ms
7 timing config:load:cli Completed in 1ms
8 timing config:load:env Completed in 1ms
9 timing config:load:project Completed in 1ms
10 timing config:load:file:/home/jairo1010/.npmrc Completed in 0ms
11 timing config:load:user Completed in 1ms
12 timing config:load:file:/etc/npmrc Completed in 0ms
13 timing config:load:global Completed in 0ms
14 timing config:load:setEnvs Completed in 1ms
15 timing config:load Completed in 9ms
16 timing npm:load:configload Completed in 9ms
17 timing npm:load:mkdirpcache Completed in 0ms
18 timing npm:load:mkdirplogs Completed in 0ms
19 verbose title npm install n
20 verbose argv "install" "--global" "n"
21 timing npm:load:setTitle Completed in 1ms
22 timing config:load:flatten Completed in 2ms
23 timing npm:load:display Completed in 3ms
24 verbose logfile logs-max:10 dir:/home/jairo1010/.npm/_logs/2024-11-10T17_23_11_039Z-
25 verbose logfile /home/jairo1010/.npm/_logs/2024-11-10T17_23_11_039Z-debug-0.log
26 timing npm:load:logFile Completed in 4ms
27 timing npm:load:timers Completed in 0ms
28 timing npm:load:configScope Completed in 0ms
29 timing npm:load Completed in 17ms
30 timing config:load:flatten Completed in 0ms
31 timing arborist:ctor Completed in 1ms
32 silly logfile done cleaning log files
33 timing idealTree:init Completed in 3ms
34 timing idealTree:userRequests Completed in 3ms
35 silly idealTree buildDeps
36 silly fetch manifest n@*
37 http fetch GET 200 https://registry.npmjs.org/n 1130ms (cache miss)
38 silly placeDep ROOT n@10.1.0 OK for:  want: *
39 timing idealTree:#root Completed in 1135ms
40 timing idealTree:node_modules/n Completed in 0ms
41 timing idealTree:buildDeps Completed in 1137ms
42 timing idealTree:fixDepFlags Completed in 0ms
43 timing idealTree Completed in 1143ms
44 timing reify:loadTrees Completed in 1145ms
45 timing reify:diffTrees Completed in 1ms
46 silly reify moves {}
47 timing reify:retireShallow Completed in 1ms
48 timing reify:rollback:createSparse Completed in 1ms
49 timing reify:rollback:retireShallow Completed in 0ms
50 timing command:install Completed in 1151ms
51 verbose stack Error: EACCES: permission denied, mkdir '/usr/local/lib/node_modules'
52 verbose cwd /home/jairo1010
53 verbose Linux 5.15.153.1-microsoft-standard-WSL2
54 verbose node v18.19.1
55 verbose npm  v9.2.0
56 error code EACCES
57 error syscall mkdir
58 error path /usr/local/lib/node_modules
59 error errno -13
60 error [Error: EACCES: permission denied, mkdir '/usr/local/lib/node_modules'] {
60 error   errno: -13,
60 error   code: 'EACCES',
60 error   syscall: 'mkdir',
60 error   path: '/usr/local/lib/node_modules'
60 error }
61 error
61 error The operation was rejected by your operating system.
61 error It is likely you do not have the permissions to access this file as the current user
61 error
61 error If you believe this might be a permissions issue, please double-check the
61 error permissions of the file and its containing directories, or try running
61 error the command again as root/Administrator.
62 verbose exit -13
63 timing npm Completed in 1179ms
64 verbose unfinished npm timer reify 1731259391066
65 verbose unfinished npm timer reify:createSparse 1731259392214
66 verbose code -13
67 error A complete log of this run can be found in:
67 error     /home/jairo1010/.npm/_logs/2024-11-10T17_23_11_039Z-debug-0.log
